/*C7*/SET SCHEMA PUBLIC
DISCONNECT
/*C9*/SET SCHEMA PUBLIC
alter table CONTA add column saldo numeric(19,2)
/*C8*/SET SCHEMA PUBLIC
DELETE FROM CONTA WHERE CODIGO=1
COMMIT
/*C9*/DISCONNECT
/*C10*/SET SCHEMA PUBLIC
INSERT INTO CONTA VALUES(2,NULL,NULL,1000.00)
INSERT INTO CONTA VALUES(3,NULL,NULL,1000.00)
COMMIT
DELETE FROM CONTA WHERE CODIGO=2
INSERT INTO CONTA VALUES(2,NULL,NULL,400.00)
DELETE FROM CONTA WHERE CODIGO=3
INSERT INTO CONTA VALUES(3,NULL,NULL,1600.00)
COMMIT
DISCONNECT
/*C11*/SET SCHEMA PUBLIC
DISCONNECT
/*C12*/SET SCHEMA PUBLIC
DISCONNECT
/*C13*/SET SCHEMA PUBLIC
DISCONNECT
/*C8*/DISCONNECT
