/*C1*/SET SCHEMA SYSTEM_LOBS
INSERT INTO BLOCKS VALUES(0,2147483647,0)
COMMIT
/*C3*/SET SCHEMA PUBLIC
create table Cliente (codigo bigint not null, idade integer, nome varchar(255), profissao varchar(255), sexo varchar(255), primary key (codigo))
create sequence hibernate_sequence start with 1 increment by 1
INSERT INTO CLIENTE VALUES(1,40,'Pedro Bial','Jornalista','M')
ALTER SEQUENCE PUBLIC.HIBERNATE_SEQUENCE RESTART WITH 2
COMMIT
DISCONNECT
/*C4*/SET SCHEMA PUBLIC
INSERT INTO CLIENTE VALUES(2,28,'Jos\u00e9 da Silva Pereira','Engenheiro','M')
ALTER SEQUENCE PUBLIC.HIBERNATE_SEQUENCE RESTART WITH 3
COMMIT
DISCONNECT
/*C5*/SET SCHEMA PUBLIC
INSERT INTO CLIENTE VALUES(3,20,'Maria Rita','M\u00e9dica','F')
ALTER SEQUENCE PUBLIC.HIBERNATE_SEQUENCE RESTART WITH 4
COMMIT
DISCONNECT
/*C6*/SET SCHEMA PUBLIC
DISCONNECT
/*C7*/SET SCHEMA PUBLIC
DISCONNECT
/*C2*/SET SCHEMA PUBLIC
DISCONNECT
