/*C1*/SET SCHEMA SYSTEM_LOBS
INSERT INTO BLOCKS VALUES(0,2147483647,0)
COMMIT
/*C3*/SET SCHEMA PUBLIC
create table CONTA (codigo bigint not null, saldo numeric(19,2), primary key (codigo))
create sequence hibernate_sequence start with 1 increment by 1
INSERT INTO CONTA VALUES(1,1000.00)
INSERT INTO CONTA VALUES(2,1000.00)
ALTER SEQUENCE PUBLIC.HIBERNATE_SEQUENCE RESTART WITH 3
COMMIT
DISCONNECT
/*C4*/SET SCHEMA PUBLIC
DISCONNECT
/*C5*/SET SCHEMA PUBLIC
DISCONNECT
/*C6*/SET SCHEMA PUBLIC
DELETE FROM CONTA WHERE CODIGO=1
INSERT INTO CONTA VALUES(1,650.00)
DELETE FROM CONTA WHERE CODIGO=2
INSERT INTO CONTA VALUES(2,1350.00)
COMMIT
DISCONNECT
/*C2*/SET SCHEMA PUBLIC
DISCONNECT
